2024-01-18 05:16:37: 7360 --> https://towards-our-formed-board.trycloudflare.com
2024-01-18 17:13:42: 7746 --> https://horrible-bulgaria-fastest-represented.trycloudflare.com
2024-01-21 03:00:30: 7103 --> https://marble-infrared-volt-accountability.trycloudflare.com
2024-01-21 03:01:57: place365 --> https://place365.lonelycoder.live
2024-01-21 03:05:28: places365 --> https://places365.lonelycoder.live
2024-01-21 03:06:04: places365 --> https://places365.lonelycoder.live
2024-01-21 03:07:04: places365 --> https://places365.lonelycoder.live
2024-01-21 03:09:36:  --> https://.lonelycoder.live
2024-01-21 03:10:43:  --> https://places365.lonelycoder.live
2024-01-21 03:23:36: 4040 --> https://cyber-paso-legislation-individual.trycloudflare.com
2024-01-21 03:23:59:  --> https://.lonelycoder.live
2024-01-21 03:24:13: 4040 --> https://paintball-salvador-hh-unexpected.trycloudflare.com
2024-01-21 03:24:29:  --> https://places365.lonelycoder.live
2024-01-21 03:26:03:  --> https://places365.lonelycoder.live
2024-01-21 03:26:51:  --> https://places365.lonelycoder.live
2024-01-21 03:27:24:  --> https://places365.lonelycoder.live
2024-01-21 03:28:57:  --> https://places365.lonelycoder.live
2024-01-21 03:32:29:  --> https://places365.lonelycoder.live
2024-01-21 03:33:29:  --> https://places365.lonelycoder.live
2024-01-21 03:33:42:  --> https://places365.lonelycoder.live
2024-01-21 03:34:10:  --> https://places365.lonelycoder.live
2024-01-21 03:34:29:  --> https://places365.lonelycoder.live
2024-01-21 03:34:48:  --> https://places365.lonelycoder.live
2024-01-21 03:35:21:  --> https://places3653.lonelycoder.live
2024-01-21 03:35:30: 4041 --> https://boots-wrap-complimentary-account.trycloudflare.com
2024-01-21 03:35:49:  --> https://places365.lonelycoder.live
2024-01-21 03:37:18: 7354 --> https://paragraph-causing-internal-wet.trycloudflare.com
2024-01-21 03:39:50: 7902 --> https://office-grave-il-reputation.trycloudflare.com
2024-01-21 03:40:09: 7057 --> https://duration-carries-drug-yesterday.trycloudflare.com
2024-01-21 03:41:16: 7773 --> https://relationship-homepage-marketing-tag.trycloudflare.com
2024-01-21 03:51:13: 7469 --> https://maine-farmers-dice-valuable.trycloudflare.com
2024-01-21 03:55:35: 7391 --> https://paxil-audience-lan-china.trycloudflare.com
2024-01-21 03:55:52: 7477 --> https://ebook-negotiations-thanks-departments.trycloudflare.com
2024-01-21 03:57:26: 7680 --> https://unlike-klein-ryan-chosen.trycloudflare.com
2024-01-21 04:01:56: 7479 --> https://con-aluminium-week-acceptance.trycloudflare.com
2024-01-21 04:02:05: 7660 --> https://end-phil-loss-pet.trycloudflare.com
